<?xml version="1.0" encoding="UTF-8"?>
<!-- Generated by org.testng.reporters.JUnitXMLReporter -->
<testsuite ignored="0" hostname="DESKTOP-56C0EHH" failures="1" tests="2" name="Test" time="231.265" errors="0" timestamp="2025-01-09T14:07:06 IST">
  <testcase classname="com.actitime.testcases.Demo" name="demo" time="0.015"/>
  <testcase classname="com.actitime.testcases.TC_Login" name="login" time="38.618">
    <failure type="java.lang.AssertionError" message="both titles are not matching expected [actiTIME - Enter Time-Track] but found [actiTIME - Licenses]">
      <![CDATA[java.lang.AssertionError: both titles are not matching expected [actiTIME - Enter Time-Track] but found [actiTIME - Licenses]
at com.actitime.generics.BasePage.validateTitle(BasePage.java:31)
at com.actitime.pages.LoginPage.loginMethod(LoginPage.java:40)
at com.actitime.testcases.TC_Login.login(TC_Login.java:16)
at java.base/java.util.ArrayList.forEach(ArrayList.java:1511)
... Removed 36 stack frames]]>
    </failure>
  </testcase> <!-- login -->
</testsuite> <!-- Test -->
