<?xml version="1.0" encoding="UTF-8"?>
<testng-results ignored="0" total="1" passed="1" failed="0" skipped="0">
  <reporter-output>
    <line>
      <![CDATA[titles are matching]]>
    </line>
  </reporter-output>
  <suite started-at="2025-01-03T14:11:19 IST" name="Suite" finished-at="2025-01-03T14:11:40 IST" duration-ms="20598">
    <groups>
    </groups>
    <test started-at="2025-01-03T14:11:19 IST" name="Test" finished-at="2025-01-03T14:11:40 IST" duration-ms="20598">
      <class name="com.actitime.testcases.TC_Login">
        <test-method is-config="true" signature="setup()[pri:0, instance:com.actitime.testcases.TC_Login@6bbe85a8]" started-at="2025-01-03T14:11:19 IST" name="setup" finished-at="2025-01-03T14:11:28 IST" duration-ms="8872" status="PASS">
          <reporter-output>
          </reporter-output>
        </test-method> <!-- setup -->
        <test-method signature="login()[pri:0, instance:com.actitime.testcases.TC_Login@6bbe85a8]" started-at="2025-01-03T14:11:28 IST" name="login" finished-at="2025-01-03T14:11:39 IST" duration-ms="11258" status="PASS">
          <reporter-output>
            <line>
              <![CDATA[titles are matching]]>
            </line>
          </reporter-output>
        </test-method> <!-- login -->
        <test-method is-config="true" signature="teardown()[pri:0, instance:com.actitime.testcases.TC_Login@6bbe85a8]" started-at="2025-01-03T14:11:39 IST" name="teardown" finished-at="2025-01-03T14:11:40 IST" duration-ms="437" status="PASS">
          <reporter-output>
          </reporter-output>
        </test-method> <!-- teardown -->
      </class> <!-- com.actitime.testcases.TC_Login -->
    </test> <!-- Test -->
  </suite> <!-- Suite -->
</testng-results>
