<?xml version="1.0" encoding="UTF-8"?>
<!-- Generated by org.testng.reporters.JUnitReportReporter -->
<testsuite hostname="DESKTOP-56C0EHH" failures="0" tests="1" name="com.actitime.testcases.TC_Login" time="11.258" errors="0" timestamp="2025-01-03T14:11:40 IST" skipped="0">
  <testcase classname="com.actitime.testcases.TC_Login" name="login" time="11.258">
    <system-out>
      <![CDATA[titles are matching]]>
    </system-out>
  </testcase> <!-- login -->
  <system-out>
    <![CDATA[titles are matching]]>
  </system-out>
</testsuite> <!-- com.actitime.testcases.TC_Login -->
