<?xml version="1.0" encoding="UTF-8"?>
<!-- Generated by org.testng.reporters.JUnitReportReporter -->
<testsuite hostname="DESKTOP-56C0EHH" failures="0" tests="1" name="com.actitime.testcases.Demo" time="0.015" errors="0" timestamp="2025-01-09T14:07:06 IST" skipped="0">
  <testcase classname="com.actitime.testcases.Demo" name="demo" time="0.015">
    <system-out>
      <![CDATA[saroj]]>
    </system-out>
  </testcase> <!-- demo -->
  <system-out>
    <![CDATA[saroj
login test case is failed]]>
  </system-out>
</testsuite> <!-- com.actitime.testcases.Demo -->
